2013-10-27 13:25:40,384 - [INFO] - from application in specs2.DefaultExecutionStrategy1 
PredictionIO Plugin started.

2013-10-27 13:25:40,384 - [INFO] - from application in specs2.DefaultExecutionStrategy1 
PredictionIO Plugin started.

2013-10-27 13:25:40,597 - [WARN] - from play in specs2.DefaultExecutionStrategy1 
Error stopping plugin
java.lang.ClassCastException: io.prediction.play.Api$$EnhancerByMockitoWithCGLIB$$f3408968 cannot be cast to io.prediction.play.ClientProvider
	at io.prediction.play.PredictionIoPlugin.onStop(PredictionIoPlugin.scala:55) ~[classes/:na]
	at play.api.Play$$anonfun$stop$1$$anonfun$apply$1$$anonfun$apply$mcV$sp$2.apply(Play.scala:105) [play_2.10-2.2.0.jar:2.2.0]
	at play.api.Play$$anonfun$stop$1$$anonfun$apply$1$$anonfun$apply$mcV$sp$2.apply(Play.scala:104) [play_2.10-2.2.0.jar:2.2.0]
	at scala.collection.immutable.List.foreach(List.scala:318) [scala-library-2.10.2.jar:na]
	at play.api.Play$$anonfun$stop$1$$anonfun$apply$1.apply$mcV$sp(Play.scala:104) [play_2.10-2.2.0.jar:2.2.0]
	at play.api.Play$$anonfun$stop$1$$anonfun$apply$1.apply(Play.scala:104) [play_2.10-2.2.0.jar:2.2.0]
	at play.api.Play$$anonfun$stop$1$$anonfun$apply$1.apply(Play.scala:104) [play_2.10-2.2.0.jar:2.2.0]
	at play.utils.Threads$.withContextClassLoader(Threads.scala:18) [play_2.10-2.2.0.jar:2.2.0]
	at play.api.Play$$anonfun$stop$1.apply(Play.scala:103) [play_2.10-2.2.0.jar:2.2.0]
	at play.api.Play$$anonfun$stop$1.apply(Play.scala:102) [play_2.10-2.2.0.jar:2.2.0]
	at scala.Option.map(Option.scala:145) [scala-library-2.10.2.jar:na]
	at play.api.Play$.stop(Play.scala:102) [play_2.10-2.2.0.jar:2.2.0]
	at play.api.test.PlayRunners$class.running(Helpers.scala:47) [play-test_2.10-2.2.0.jar:2.2.0]
	at play.api.test.Helpers$.running(Helpers.scala:364) [play-test_2.10-2.2.0.jar:2.2.0]
	at io.prediction.play.PredictionIoPluginSpec$$anonfun$2$$anonfun$apply$1$$anon$1.<init>(PredictionIoPluginSpec.scala:59) [test-classes/:na]
	at io.prediction.play.PredictionIoPluginSpec$$anonfun$2$$anonfun$apply$1.apply(PredictionIoPluginSpec.scala:58) [test-classes/:na]
	at io.prediction.play.PredictionIoPluginSpec$$anonfun$2$$anonfun$apply$1.apply(PredictionIoPluginSpec.scala:58) [test-classes/:na]
	at org.specs2.specification.FragmentsBuilder$$anon$1.asResult(FragmentsBuilder.scala:142) [specs2_2.10-2.1.1.jar:2.1.1]
	at org.specs2.specification.FragmentsBuilder$$anon$1.asResult(FragmentsBuilder.scala:141) [specs2_2.10-2.1.1.jar:2.1.1]
	at org.specs2.execute.AsResult$.apply(Result.scala:250) [specs2_2.10-2.1.1.jar:2.1.1]
	at org.specs2.specification.Example$$anonfun$apply$1.apply(Fragment.scala:209) [specs2_2.10-2.1.1.jar:2.1.1]
	at org.specs2.specification.Example$$anonfun$apply$1.apply(Fragment.scala:209) [specs2_2.10-2.1.1.jar:2.1.1]
	at org.specs2.specification.Example.execute(Fragment.scala:176) [specs2_2.10-2.1.1.jar:2.1.1]
	at org.specs2.specification.FragmentExecution$$anonfun$1.apply(FragmentExecution.scala:52) [specs2_2.10-2.1.1.jar:2.1.1]
	at org.specs2.specification.FragmentExecution$$anonfun$1.apply(FragmentExecution.scala:52) [specs2_2.10-2.1.1.jar:2.1.1]
	at org.specs2.execute.ResultExecution$class.execute(ResultExecution.scala:22) [specs2_2.10-2.1.1.jar:2.1.1]
	at org.specs2.execute.ResultExecution$.execute(ResultExecution.scala:116) [specs2_2.10-2.1.1.jar:2.1.1]
	at org.specs2.specification.FragmentExecution$class.executeBody(FragmentExecution.scala:28) [specs2_2.10-2.1.1.jar:2.1.1]
	at org.specs2.runner.NotifierRunner$$anon$2$$anon$1.executeBody(NotifierRunner.scala:14) [specs2_2.10-2.1.1.jar:2.1.1]
	at org.specs2.specification.FragmentExecution$class.execute(FragmentExecution.scala:52) [specs2_2.10-2.1.1.jar:2.1.1]
	at org.specs2.runner.NotifierRunner$$anon$2$$anon$1.execute(NotifierRunner.scala:14) [specs2_2.10-2.1.1.jar:2.1.1]
	at org.specs2.specification.FragmentExecution$$anonfun$executeFragment$1$$anonfun$apply$1.apply(FragmentExecution.scala:35) [specs2_2.10-2.1.1.jar:2.1.1]
	at org.specs2.specification.FragmentExecution$$anonfun$executeFragment$1$$anonfun$apply$1.apply(FragmentExecution.scala:35) [specs2_2.10-2.1.1.jar:2.1.1]
	at org.specs2.control.Exceptions$class.catchAllOr(Exceptions.scala:54) [specs2_2.10-2.1.1.jar:2.1.1]
	at org.specs2.control.Exceptions$.catchAllOr(Exceptions.scala:109) [specs2_2.10-2.1.1.jar:2.1.1]
	at org.specs2.specification.FragmentExecution$$anonfun$executeFragment$1.apply(FragmentExecution.scala:35) [specs2_2.10-2.1.1.jar:2.1.1]
	at org.specs2.specification.FragmentExecution$$anonfun$executeFragment$1.apply(FragmentExecution.scala:35) [specs2_2.10-2.1.1.jar:2.1.1]
	at org.specs2.reporter.DefaultExecutionStrategy$class.executeWithBarrier$1(ExecutionStrategy.scala:103) [specs2_2.10-2.1.1.jar:2.1.1]
	at org.specs2.reporter.DefaultExecutionStrategy$$anonfun$executeConcurrently$1$$anonfun$apply$2.apply(ExecutionStrategy.scala:105) [specs2_2.10-2.1.1.jar:2.1.1]
	at org.specs2.reporter.DefaultExecutionStrategy$$anonfun$executeConcurrently$1$$anonfun$apply$2.apply(ExecutionStrategy.scala:105) [specs2_2.10-2.1.1.jar:2.1.1]
	at scalaz.concurrent.Promise$Unfulfilled$.fulfill(Promise.scala:125) [scalaz-concurrent_2.10-7.0.2.jar:na]
	at scalaz.concurrent.Promise$Done.eval(Promise.scala:153) [scalaz-concurrent_2.10-7.0.2.jar:na]
	at scalaz.concurrent.Promise$$anonfun$e$1.apply(Promise.scala:17) [scalaz-concurrent_2.10-7.0.2.jar:na]
	at scalaz.concurrent.Promise$$anonfun$e$1.apply(Promise.scala:17) [scalaz-concurrent_2.10-7.0.2.jar:na]
	at scalaz.concurrent.Actor.batchHandle(Actor.scala:73) [scalaz-concurrent_2.10-7.0.2.jar:na]
	at scalaz.concurrent.Actor.scalaz$concurrent$Actor$$act(Actor.scala:57) [scalaz-concurrent_2.10-7.0.2.jar:na]
	at scalaz.concurrent.Actor$$anonfun$schedule$1.apply$mcV$sp(Actor.scala:52) [scalaz-concurrent_2.10-7.0.2.jar:na]
	at scalaz.concurrent.Actor$$anonfun$schedule$1.apply(Actor.scala:52) [scalaz-concurrent_2.10-7.0.2.jar:na]
	at scalaz.concurrent.Actor$$anonfun$schedule$1.apply(Actor.scala:52) [scalaz-concurrent_2.10-7.0.2.jar:na]
	at scalaz.concurrent.StrategysLow$$anon$3$$anon$4.call(Strategy.scala:65) [scalaz-concurrent_2.10-7.0.2.jar:na]
	at java.util.concurrent.FutureTask$Sync.innerRun(FutureTask.java:334) [na:1.7.0_21]
	at java.util.concurrent.FutureTask.run(FutureTask.java:166) [na:1.7.0_21]
	at java.util.concurrent.ThreadPoolExecutor.runWorker(ThreadPoolExecutor.java:1145) [na:1.7.0_21]
	at java.util.concurrent.ThreadPoolExecutor$Worker.run(ThreadPoolExecutor.java:615) [na:1.7.0_21]
	at java.lang.Thread.run(Thread.java:722) [na:1.7.0_21]

2013-10-27 13:25:40,597 - [WARN] - from play in specs2.DefaultExecutionStrategy1 
Error stopping plugin
java.lang.ClassCastException: io.prediction.play.Api$$EnhancerByMockitoWithCGLIB$$f3408968 cannot be cast to io.prediction.play.ClientProvider
	at io.prediction.play.PredictionIoPlugin.onStop(PredictionIoPlugin.scala:55) ~[classes/:na]
	at play.api.Play$$anonfun$stop$1$$anonfun$apply$1$$anonfun$apply$mcV$sp$2.apply(Play.scala:105) [play_2.10-2.2.0.jar:2.2.0]
	at play.api.Play$$anonfun$stop$1$$anonfun$apply$1$$anonfun$apply$mcV$sp$2.apply(Play.scala:104) [play_2.10-2.2.0.jar:2.2.0]
	at scala.collection.immutable.List.foreach(List.scala:318) [scala-library-2.10.2.jar:na]
	at play.api.Play$$anonfun$stop$1$$anonfun$apply$1.apply$mcV$sp(Play.scala:104) [play_2.10-2.2.0.jar:2.2.0]
	at play.api.Play$$anonfun$stop$1$$anonfun$apply$1.apply(Play.scala:104) [play_2.10-2.2.0.jar:2.2.0]
	at play.api.Play$$anonfun$stop$1$$anonfun$apply$1.apply(Play.scala:104) [play_2.10-2.2.0.jar:2.2.0]
	at play.utils.Threads$.withContextClassLoader(Threads.scala:18) [play_2.10-2.2.0.jar:2.2.0]
	at play.api.Play$$anonfun$stop$1.apply(Play.scala:103) [play_2.10-2.2.0.jar:2.2.0]
	at play.api.Play$$anonfun$stop$1.apply(Play.scala:102) [play_2.10-2.2.0.jar:2.2.0]
	at scala.Option.map(Option.scala:145) [scala-library-2.10.2.jar:na]
	at play.api.Play$.stop(Play.scala:102) [play_2.10-2.2.0.jar:2.2.0]
	at play.api.test.PlayRunners$class.running(Helpers.scala:47) [play-test_2.10-2.2.0.jar:2.2.0]
	at play.api.test.Helpers$.running(Helpers.scala:364) [play-test_2.10-2.2.0.jar:2.2.0]
	at io.prediction.play.PredictionIoPluginSpec$$anonfun$2$$anonfun$apply$1$$anon$1.<init>(PredictionIoPluginSpec.scala:59) [test-classes/:na]
	at io.prediction.play.PredictionIoPluginSpec$$anonfun$2$$anonfun$apply$1.apply(PredictionIoPluginSpec.scala:58) [test-classes/:na]
	at io.prediction.play.PredictionIoPluginSpec$$anonfun$2$$anonfun$apply$1.apply(PredictionIoPluginSpec.scala:58) [test-classes/:na]
	at org.specs2.specification.FragmentsBuilder$$anon$1.asResult(FragmentsBuilder.scala:142) [specs2_2.10-2.1.1.jar:2.1.1]
	at org.specs2.specification.FragmentsBuilder$$anon$1.asResult(FragmentsBuilder.scala:141) [specs2_2.10-2.1.1.jar:2.1.1]
	at org.specs2.execute.AsResult$.apply(Result.scala:250) [specs2_2.10-2.1.1.jar:2.1.1]
	at org.specs2.specification.Example$$anonfun$apply$1.apply(Fragment.scala:209) [specs2_2.10-2.1.1.jar:2.1.1]
	at org.specs2.specification.Example$$anonfun$apply$1.apply(Fragment.scala:209) [specs2_2.10-2.1.1.jar:2.1.1]
	at org.specs2.specification.Example.execute(Fragment.scala:176) [specs2_2.10-2.1.1.jar:2.1.1]
	at org.specs2.specification.FragmentExecution$$anonfun$1.apply(FragmentExecution.scala:52) [specs2_2.10-2.1.1.jar:2.1.1]
	at org.specs2.specification.FragmentExecution$$anonfun$1.apply(FragmentExecution.scala:52) [specs2_2.10-2.1.1.jar:2.1.1]
	at org.specs2.execute.ResultExecution$class.execute(ResultExecution.scala:22) [specs2_2.10-2.1.1.jar:2.1.1]
	at org.specs2.execute.ResultExecution$.execute(ResultExecution.scala:116) [specs2_2.10-2.1.1.jar:2.1.1]
	at org.specs2.specification.FragmentExecution$class.executeBody(FragmentExecution.scala:28) [specs2_2.10-2.1.1.jar:2.1.1]
	at org.specs2.runner.NotifierRunner$$anon$2$$anon$1.executeBody(NotifierRunner.scala:14) [specs2_2.10-2.1.1.jar:2.1.1]
	at org.specs2.specification.FragmentExecution$class.execute(FragmentExecution.scala:52) [specs2_2.10-2.1.1.jar:2.1.1]
	at org.specs2.runner.NotifierRunner$$anon$2$$anon$1.execute(NotifierRunner.scala:14) [specs2_2.10-2.1.1.jar:2.1.1]
	at org.specs2.specification.FragmentExecution$$anonfun$executeFragment$1$$anonfun$apply$1.apply(FragmentExecution.scala:35) [specs2_2.10-2.1.1.jar:2.1.1]
	at org.specs2.specification.FragmentExecution$$anonfun$executeFragment$1$$anonfun$apply$1.apply(FragmentExecution.scala:35) [specs2_2.10-2.1.1.jar:2.1.1]
	at org.specs2.control.Exceptions$class.catchAllOr(Exceptions.scala:54) [specs2_2.10-2.1.1.jar:2.1.1]
	at org.specs2.control.Exceptions$.catchAllOr(Exceptions.scala:109) [specs2_2.10-2.1.1.jar:2.1.1]
	at org.specs2.specification.FragmentExecution$$anonfun$executeFragment$1.apply(FragmentExecution.scala:35) [specs2_2.10-2.1.1.jar:2.1.1]
	at org.specs2.specification.FragmentExecution$$anonfun$executeFragment$1.apply(FragmentExecution.scala:35) [specs2_2.10-2.1.1.jar:2.1.1]
	at org.specs2.reporter.DefaultExecutionStrategy$class.executeWithBarrier$1(ExecutionStrategy.scala:103) [specs2_2.10-2.1.1.jar:2.1.1]
	at org.specs2.reporter.DefaultExecutionStrategy$$anonfun$executeConcurrently$1$$anonfun$apply$2.apply(ExecutionStrategy.scala:105) [specs2_2.10-2.1.1.jar:2.1.1]
	at org.specs2.reporter.DefaultExecutionStrategy$$anonfun$executeConcurrently$1$$anonfun$apply$2.apply(ExecutionStrategy.scala:105) [specs2_2.10-2.1.1.jar:2.1.1]
	at scalaz.concurrent.Promise$Unfulfilled$.fulfill(Promise.scala:125) [scalaz-concurrent_2.10-7.0.2.jar:na]
	at scalaz.concurrent.Promise$Done.eval(Promise.scala:153) [scalaz-concurrent_2.10-7.0.2.jar:na]
	at scalaz.concurrent.Promise$$anonfun$e$1.apply(Promise.scala:17) [scalaz-concurrent_2.10-7.0.2.jar:na]
	at scalaz.concurrent.Promise$$anonfun$e$1.apply(Promise.scala:17) [scalaz-concurrent_2.10-7.0.2.jar:na]
	at scalaz.concurrent.Actor.batchHandle(Actor.scala:73) [scalaz-concurrent_2.10-7.0.2.jar:na]
	at scalaz.concurrent.Actor.scalaz$concurrent$Actor$$act(Actor.scala:57) [scalaz-concurrent_2.10-7.0.2.jar:na]
	at scalaz.concurrent.Actor$$anonfun$schedule$1.apply$mcV$sp(Actor.scala:52) [scalaz-concurrent_2.10-7.0.2.jar:na]
	at scalaz.concurrent.Actor$$anonfun$schedule$1.apply(Actor.scala:52) [scalaz-concurrent_2.10-7.0.2.jar:na]
	at scalaz.concurrent.Actor$$anonfun$schedule$1.apply(Actor.scala:52) [scalaz-concurrent_2.10-7.0.2.jar:na]
	at scalaz.concurrent.StrategysLow$$anon$3$$anon$4.call(Strategy.scala:65) [scalaz-concurrent_2.10-7.0.2.jar:na]
	at java.util.concurrent.FutureTask$Sync.innerRun(FutureTask.java:334) [na:1.7.0_21]
	at java.util.concurrent.FutureTask.run(FutureTask.java:166) [na:1.7.0_21]
	at java.util.concurrent.ThreadPoolExecutor.runWorker(ThreadPoolExecutor.java:1145) [na:1.7.0_21]
	at java.util.concurrent.ThreadPoolExecutor$Worker.run(ThreadPoolExecutor.java:615) [na:1.7.0_21]
	at java.lang.Thread.run(Thread.java:722) [na:1.7.0_21]

2013-10-27 13:26:34,422 - [INFO] - from application in specs2.DefaultExecutionStrategy1 
PredictionIO Plugin started.

2013-10-27 13:26:34,422 - [INFO] - from application in specs2.DefaultExecutionStrategy1 
PredictionIO Plugin started.

2013-10-27 13:26:34,593 - [WARN] - from play in specs2.DefaultExecutionStrategy1 
Error stopping plugin
java.lang.ClassCastException: io.prediction.play.Api$$EnhancerByMockitoWithCGLIB$$563b51a8 cannot be cast to io.prediction.play.ClientProvider
	at io.prediction.play.PredictionIoPlugin.onStop(PredictionIoPlugin.scala:55) ~[classes/:na]
	at play.api.Play$$anonfun$stop$1$$anonfun$apply$1$$anonfun$apply$mcV$sp$2.apply(Play.scala:105) [play_2.10-2.2.0.jar:2.2.0]
	at play.api.Play$$anonfun$stop$1$$anonfun$apply$1$$anonfun$apply$mcV$sp$2.apply(Play.scala:104) [play_2.10-2.2.0.jar:2.2.0]
	at scala.collection.immutable.List.foreach(List.scala:318) [scala-library-2.10.2.jar:na]
	at play.api.Play$$anonfun$stop$1$$anonfun$apply$1.apply$mcV$sp(Play.scala:104) [play_2.10-2.2.0.jar:2.2.0]
	at play.api.Play$$anonfun$stop$1$$anonfun$apply$1.apply(Play.scala:104) [play_2.10-2.2.0.jar:2.2.0]
	at play.api.Play$$anonfun$stop$1$$anonfun$apply$1.apply(Play.scala:104) [play_2.10-2.2.0.jar:2.2.0]
	at play.utils.Threads$.withContextClassLoader(Threads.scala:18) [play_2.10-2.2.0.jar:2.2.0]
	at play.api.Play$$anonfun$stop$1.apply(Play.scala:103) [play_2.10-2.2.0.jar:2.2.0]
	at play.api.Play$$anonfun$stop$1.apply(Play.scala:102) [play_2.10-2.2.0.jar:2.2.0]
	at scala.Option.map(Option.scala:145) [scala-library-2.10.2.jar:na]
	at play.api.Play$.stop(Play.scala:102) [play_2.10-2.2.0.jar:2.2.0]
	at play.api.test.PlayRunners$class.running(Helpers.scala:47) [play-test_2.10-2.2.0.jar:2.2.0]
	at play.api.test.Helpers$.running(Helpers.scala:364) [play-test_2.10-2.2.0.jar:2.2.0]
	at io.prediction.play.PredictionIoPluginSpec$$anonfun$2$$anonfun$apply$1$$anon$1.<init>(PredictionIoPluginSpec.scala:59) [test-classes/:na]
	at io.prediction.play.PredictionIoPluginSpec$$anonfun$2$$anonfun$apply$1.apply(PredictionIoPluginSpec.scala:58) [test-classes/:na]
	at io.prediction.play.PredictionIoPluginSpec$$anonfun$2$$anonfun$apply$1.apply(PredictionIoPluginSpec.scala:58) [test-classes/:na]
	at org.specs2.specification.FragmentsBuilder$$anon$1.asResult(FragmentsBuilder.scala:142) [specs2_2.10-2.1.1.jar:2.1.1]
	at org.specs2.specification.FragmentsBuilder$$anon$1.asResult(FragmentsBuilder.scala:141) [specs2_2.10-2.1.1.jar:2.1.1]
	at org.specs2.execute.AsResult$.apply(Result.scala:250) [specs2_2.10-2.1.1.jar:2.1.1]
	at org.specs2.specification.Example$$anonfun$apply$1.apply(Fragment.scala:209) [specs2_2.10-2.1.1.jar:2.1.1]
	at org.specs2.specification.Example$$anonfun$apply$1.apply(Fragment.scala:209) [specs2_2.10-2.1.1.jar:2.1.1]
	at org.specs2.specification.Example.execute(Fragment.scala:176) [specs2_2.10-2.1.1.jar:2.1.1]
	at org.specs2.specification.FragmentExecution$$anonfun$1.apply(FragmentExecution.scala:52) [specs2_2.10-2.1.1.jar:2.1.1]
	at org.specs2.specification.FragmentExecution$$anonfun$1.apply(FragmentExecution.scala:52) [specs2_2.10-2.1.1.jar:2.1.1]
	at org.specs2.execute.ResultExecution$class.execute(ResultExecution.scala:22) [specs2_2.10-2.1.1.jar:2.1.1]
	at org.specs2.execute.ResultExecution$.execute(ResultExecution.scala:116) [specs2_2.10-2.1.1.jar:2.1.1]
	at org.specs2.specification.FragmentExecution$class.executeBody(FragmentExecution.scala:28) [specs2_2.10-2.1.1.jar:2.1.1]
	at org.specs2.runner.NotifierRunner$$anon$2$$anon$1.executeBody(NotifierRunner.scala:14) [specs2_2.10-2.1.1.jar:2.1.1]
	at org.specs2.specification.FragmentExecution$class.execute(FragmentExecution.scala:52) [specs2_2.10-2.1.1.jar:2.1.1]
	at org.specs2.runner.NotifierRunner$$anon$2$$anon$1.execute(NotifierRunner.scala:14) [specs2_2.10-2.1.1.jar:2.1.1]
	at org.specs2.specification.FragmentExecution$$anonfun$executeFragment$1$$anonfun$apply$1.apply(FragmentExecution.scala:35) [specs2_2.10-2.1.1.jar:2.1.1]
	at org.specs2.specification.FragmentExecution$$anonfun$executeFragment$1$$anonfun$apply$1.apply(FragmentExecution.scala:35) [specs2_2.10-2.1.1.jar:2.1.1]
	at org.specs2.control.Exceptions$class.catchAllOr(Exceptions.scala:54) [specs2_2.10-2.1.1.jar:2.1.1]
	at org.specs2.control.Exceptions$.catchAllOr(Exceptions.scala:109) [specs2_2.10-2.1.1.jar:2.1.1]
	at org.specs2.specification.FragmentExecution$$anonfun$executeFragment$1.apply(FragmentExecution.scala:35) [specs2_2.10-2.1.1.jar:2.1.1]
	at org.specs2.specification.FragmentExecution$$anonfun$executeFragment$1.apply(FragmentExecution.scala:35) [specs2_2.10-2.1.1.jar:2.1.1]
	at org.specs2.reporter.DefaultExecutionStrategy$class.executeWithBarrier$1(ExecutionStrategy.scala:103) [specs2_2.10-2.1.1.jar:2.1.1]
	at org.specs2.reporter.DefaultExecutionStrategy$$anonfun$executeConcurrently$1$$anonfun$apply$2.apply(ExecutionStrategy.scala:105) [specs2_2.10-2.1.1.jar:2.1.1]
	at org.specs2.reporter.DefaultExecutionStrategy$$anonfun$executeConcurrently$1$$anonfun$apply$2.apply(ExecutionStrategy.scala:105) [specs2_2.10-2.1.1.jar:2.1.1]
	at scalaz.concurrent.Promise$Unfulfilled$.fulfill(Promise.scala:125) [scalaz-concurrent_2.10-7.0.2.jar:na]
	at scalaz.concurrent.Promise$Done.eval(Promise.scala:153) [scalaz-concurrent_2.10-7.0.2.jar:na]
	at scalaz.concurrent.Promise$$anonfun$e$1.apply(Promise.scala:17) [scalaz-concurrent_2.10-7.0.2.jar:na]
	at scalaz.concurrent.Promise$$anonfun$e$1.apply(Promise.scala:17) [scalaz-concurrent_2.10-7.0.2.jar:na]
	at scalaz.concurrent.Actor.batchHandle(Actor.scala:73) [scalaz-concurrent_2.10-7.0.2.jar:na]
	at scalaz.concurrent.Actor.scalaz$concurrent$Actor$$act(Actor.scala:57) [scalaz-concurrent_2.10-7.0.2.jar:na]
	at scalaz.concurrent.Actor$$anonfun$schedule$1.apply$mcV$sp(Actor.scala:52) [scalaz-concurrent_2.10-7.0.2.jar:na]
	at scalaz.concurrent.Actor$$anonfun$schedule$1.apply(Actor.scala:52) [scalaz-concurrent_2.10-7.0.2.jar:na]
	at scalaz.concurrent.Actor$$anonfun$schedule$1.apply(Actor.scala:52) [scalaz-concurrent_2.10-7.0.2.jar:na]
	at scalaz.concurrent.StrategysLow$$anon$3$$anon$4.call(Strategy.scala:65) [scalaz-concurrent_2.10-7.0.2.jar:na]
	at java.util.concurrent.FutureTask$Sync.innerRun(FutureTask.java:334) [na:1.7.0_21]
	at java.util.concurrent.FutureTask.run(FutureTask.java:166) [na:1.7.0_21]
	at java.util.concurrent.ThreadPoolExecutor.runWorker(ThreadPoolExecutor.java:1145) [na:1.7.0_21]
	at java.util.concurrent.ThreadPoolExecutor$Worker.run(ThreadPoolExecutor.java:615) [na:1.7.0_21]
	at java.lang.Thread.run(Thread.java:722) [na:1.7.0_21]

2013-10-27 13:26:34,593 - [WARN] - from play in specs2.DefaultExecutionStrategy1 
Error stopping plugin
java.lang.ClassCastException: io.prediction.play.Api$$EnhancerByMockitoWithCGLIB$$563b51a8 cannot be cast to io.prediction.play.ClientProvider
	at io.prediction.play.PredictionIoPlugin.onStop(PredictionIoPlugin.scala:55) ~[classes/:na]
	at play.api.Play$$anonfun$stop$1$$anonfun$apply$1$$anonfun$apply$mcV$sp$2.apply(Play.scala:105) [play_2.10-2.2.0.jar:2.2.0]
	at play.api.Play$$anonfun$stop$1$$anonfun$apply$1$$anonfun$apply$mcV$sp$2.apply(Play.scala:104) [play_2.10-2.2.0.jar:2.2.0]
	at scala.collection.immutable.List.foreach(List.scala:318) [scala-library-2.10.2.jar:na]
	at play.api.Play$$anonfun$stop$1$$anonfun$apply$1.apply$mcV$sp(Play.scala:104) [play_2.10-2.2.0.jar:2.2.0]
	at play.api.Play$$anonfun$stop$1$$anonfun$apply$1.apply(Play.scala:104) [play_2.10-2.2.0.jar:2.2.0]
	at play.api.Play$$anonfun$stop$1$$anonfun$apply$1.apply(Play.scala:104) [play_2.10-2.2.0.jar:2.2.0]
	at play.utils.Threads$.withContextClassLoader(Threads.scala:18) [play_2.10-2.2.0.jar:2.2.0]
	at play.api.Play$$anonfun$stop$1.apply(Play.scala:103) [play_2.10-2.2.0.jar:2.2.0]
	at play.api.Play$$anonfun$stop$1.apply(Play.scala:102) [play_2.10-2.2.0.jar:2.2.0]
	at scala.Option.map(Option.scala:145) [scala-library-2.10.2.jar:na]
	at play.api.Play$.stop(Play.scala:102) [play_2.10-2.2.0.jar:2.2.0]
	at play.api.test.PlayRunners$class.running(Helpers.scala:47) [play-test_2.10-2.2.0.jar:2.2.0]
	at play.api.test.Helpers$.running(Helpers.scala:364) [play-test_2.10-2.2.0.jar:2.2.0]
	at io.prediction.play.PredictionIoPluginSpec$$anonfun$2$$anonfun$apply$1$$anon$1.<init>(PredictionIoPluginSpec.scala:59) [test-classes/:na]
	at io.prediction.play.PredictionIoPluginSpec$$anonfun$2$$anonfun$apply$1.apply(PredictionIoPluginSpec.scala:58) [test-classes/:na]
	at io.prediction.play.PredictionIoPluginSpec$$anonfun$2$$anonfun$apply$1.apply(PredictionIoPluginSpec.scala:58) [test-classes/:na]
	at org.specs2.specification.FragmentsBuilder$$anon$1.asResult(FragmentsBuilder.scala:142) [specs2_2.10-2.1.1.jar:2.1.1]
	at org.specs2.specification.FragmentsBuilder$$anon$1.asResult(FragmentsBuilder.scala:141) [specs2_2.10-2.1.1.jar:2.1.1]
	at org.specs2.execute.AsResult$.apply(Result.scala:250) [specs2_2.10-2.1.1.jar:2.1.1]
	at org.specs2.specification.Example$$anonfun$apply$1.apply(Fragment.scala:209) [specs2_2.10-2.1.1.jar:2.1.1]
	at org.specs2.specification.Example$$anonfun$apply$1.apply(Fragment.scala:209) [specs2_2.10-2.1.1.jar:2.1.1]
	at org.specs2.specification.Example.execute(Fragment.scala:176) [specs2_2.10-2.1.1.jar:2.1.1]
	at org.specs2.specification.FragmentExecution$$anonfun$1.apply(FragmentExecution.scala:52) [specs2_2.10-2.1.1.jar:2.1.1]
	at org.specs2.specification.FragmentExecution$$anonfun$1.apply(FragmentExecution.scala:52) [specs2_2.10-2.1.1.jar:2.1.1]
	at org.specs2.execute.ResultExecution$class.execute(ResultExecution.scala:22) [specs2_2.10-2.1.1.jar:2.1.1]
	at org.specs2.execute.ResultExecution$.execute(ResultExecution.scala:116) [specs2_2.10-2.1.1.jar:2.1.1]
	at org.specs2.specification.FragmentExecution$class.executeBody(FragmentExecution.scala:28) [specs2_2.10-2.1.1.jar:2.1.1]
	at org.specs2.runner.NotifierRunner$$anon$2$$anon$1.executeBody(NotifierRunner.scala:14) [specs2_2.10-2.1.1.jar:2.1.1]
	at org.specs2.specification.FragmentExecution$class.execute(FragmentExecution.scala:52) [specs2_2.10-2.1.1.jar:2.1.1]
	at org.specs2.runner.NotifierRunner$$anon$2$$anon$1.execute(NotifierRunner.scala:14) [specs2_2.10-2.1.1.jar:2.1.1]
	at org.specs2.specification.FragmentExecution$$anonfun$executeFragment$1$$anonfun$apply$1.apply(FragmentExecution.scala:35) [specs2_2.10-2.1.1.jar:2.1.1]
	at org.specs2.specification.FragmentExecution$$anonfun$executeFragment$1$$anonfun$apply$1.apply(FragmentExecution.scala:35) [specs2_2.10-2.1.1.jar:2.1.1]
	at org.specs2.control.Exceptions$class.catchAllOr(Exceptions.scala:54) [specs2_2.10-2.1.1.jar:2.1.1]
	at org.specs2.control.Exceptions$.catchAllOr(Exceptions.scala:109) [specs2_2.10-2.1.1.jar:2.1.1]
	at org.specs2.specification.FragmentExecution$$anonfun$executeFragment$1.apply(FragmentExecution.scala:35) [specs2_2.10-2.1.1.jar:2.1.1]
	at org.specs2.specification.FragmentExecution$$anonfun$executeFragment$1.apply(FragmentExecution.scala:35) [specs2_2.10-2.1.1.jar:2.1.1]
	at org.specs2.reporter.DefaultExecutionStrategy$class.executeWithBarrier$1(ExecutionStrategy.scala:103) [specs2_2.10-2.1.1.jar:2.1.1]
	at org.specs2.reporter.DefaultExecutionStrategy$$anonfun$executeConcurrently$1$$anonfun$apply$2.apply(ExecutionStrategy.scala:105) [specs2_2.10-2.1.1.jar:2.1.1]
	at org.specs2.reporter.DefaultExecutionStrategy$$anonfun$executeConcurrently$1$$anonfun$apply$2.apply(ExecutionStrategy.scala:105) [specs2_2.10-2.1.1.jar:2.1.1]
	at scalaz.concurrent.Promise$Unfulfilled$.fulfill(Promise.scala:125) [scalaz-concurrent_2.10-7.0.2.jar:na]
	at scalaz.concurrent.Promise$Done.eval(Promise.scala:153) [scalaz-concurrent_2.10-7.0.2.jar:na]
	at scalaz.concurrent.Promise$$anonfun$e$1.apply(Promise.scala:17) [scalaz-concurrent_2.10-7.0.2.jar:na]
	at scalaz.concurrent.Promise$$anonfun$e$1.apply(Promise.scala:17) [scalaz-concurrent_2.10-7.0.2.jar:na]
	at scalaz.concurrent.Actor.batchHandle(Actor.scala:73) [scalaz-concurrent_2.10-7.0.2.jar:na]
	at scalaz.concurrent.Actor.scalaz$concurrent$Actor$$act(Actor.scala:57) [scalaz-concurrent_2.10-7.0.2.jar:na]
	at scalaz.concurrent.Actor$$anonfun$schedule$1.apply$mcV$sp(Actor.scala:52) [scalaz-concurrent_2.10-7.0.2.jar:na]
	at scalaz.concurrent.Actor$$anonfun$schedule$1.apply(Actor.scala:52) [scalaz-concurrent_2.10-7.0.2.jar:na]
	at scalaz.concurrent.Actor$$anonfun$schedule$1.apply(Actor.scala:52) [scalaz-concurrent_2.10-7.0.2.jar:na]
	at scalaz.concurrent.StrategysLow$$anon$3$$anon$4.call(Strategy.scala:65) [scalaz-concurrent_2.10-7.0.2.jar:na]
	at java.util.concurrent.FutureTask$Sync.innerRun(FutureTask.java:334) [na:1.7.0_21]
	at java.util.concurrent.FutureTask.run(FutureTask.java:166) [na:1.7.0_21]
	at java.util.concurrent.ThreadPoolExecutor.runWorker(ThreadPoolExecutor.java:1145) [na:1.7.0_21]
	at java.util.concurrent.ThreadPoolExecutor$Worker.run(ThreadPoolExecutor.java:615) [na:1.7.0_21]
	at java.lang.Thread.run(Thread.java:722) [na:1.7.0_21]

